-------------------------------------------------------------------------------
Test set: com.team9.RecordsServletTest
-------------------------------------------------------------------------------
Tests run: 5, Failures: 0, Errors: 5, Skipped: 0, Time elapsed: 0.005 s <<< FAILURE! -- in com.team9.RecordsServletTest
com.team9.RecordsServletTest.addValidAllergyRecordReturnsIdAndCategory -- Time elapsed: 0.001 s <<< ERROR!
java.lang.Error: 
Unresolved compilation problem: 
	The declared package "com.team9.servlets" does not match the expected package "com.team9"

	at com.team9.RecordsServletTest.<init>(RecordsServletTest.java:1)
	at java.base/java.lang.reflect.Constructor.newInstanceWithCaller(Constructor.java:502)
	at java.base/java.lang.reflect.Constructor.newInstance(Constructor.java:486)

com.team9.RecordsServletTest.addRecordWithEmptyEntryNameReturnsError -- Time elapsed: 0.001 s <<< ERROR!
java.lang.Error: 
Unresolved compilation problem: 
	The declared package "com.team9.servlets" does not match the expected package "com.team9"

	at com.team9.RecordsServletTest.<init>(RecordsServletTest.java:1)
	at java.base/java.lang.reflect.Constructor.newInstanceWithCaller(Constructor.java:502)
	at java.base/java.lang.reflect.Constructor.newInstance(Constructor.java:486)

com.team9.RecordsServletTest.addRecordWithMissingCategoryReturnsError -- Time elapsed: 0.001 s <<< ERROR!
java.lang.Error: 
Unresolved compilation problem: 
	The declared package "com.team9.servlets" does not match the expected package "com.team9"

	at com.team9.RecordsServletTest.<init>(RecordsServletTest.java:1)
	at java.base/java.lang.reflect.Constructor.newInstanceWithCaller(Constructor.java:502)
	at java.base/java.lang.reflect.Constructor.newInstance(Constructor.java:486)

com.team9.RecordsServletTest.twoValidRecordsHaveDifferentIds -- Time elapsed: 0.001 s <<< ERROR!
java.lang.Error: 
Unresolved compilation problem: 
	The declared package "com.team9.servlets" does not match the expected package "com.team9"

	at com.team9.RecordsServletTest.<init>(RecordsServletTest.java:1)
	at java.base/java.lang.reflect.Constructor.newInstanceWithCaller(Constructor.java:502)
	at java.base/java.lang.reflect.Constructor.newInstance(Constructor.java:486)

com.team9.RecordsServletTest.addRecordWithInvalidCategoryReturnsError -- Time elapsed: 0.001 s <<< ERROR!
java.lang.Error: 
Unresolved compilation problem: 
	The declared package "com.team9.servlets" does not match the expected package "com.team9"

	at com.team9.RecordsServletTest.<init>(RecordsServletTest.java:1)
	at java.base/java.lang.reflect.Constructor.newInstanceWithCaller(Constructor.java:502)
	at java.base/java.lang.reflect.Constructor.newInstance(Constructor.java:486)

