-------------------------------------------------------------------------------
Test set: com.team9.SearchServletTest
-------------------------------------------------------------------------------
Tests run: 2, Failures: 0, Errors: 2, Skipped: 0, Time elapsed: 0.036 s <<< FAILURE! -- in com.team9.SearchServletTest
com.team9.SearchServletTest.testMissingParameters -- Time elapsed: 0.006 s <<< ERROR!
java.lang.Error: 
Unresolved compilation problems: 
	The declared package "com.team9.servlets" does not match the expected package "com.team9"
	SearchServlet cannot be resolved to a type
	SearchServlet cannot be resolved to a type
	SearchServlet cannot be resolved to a type
	SearchServlet cannot be resolved to a type

	at com.team9.SearchServletTest.<init>(SearchServletTest.java:1)
	at java.base/java.lang.reflect.Constructor.newInstanceWithCaller(Constructor.java:502)
	at java.base/java.lang.reflect.Constructor.newInstance(Constructor.java:486)
	at java.base/java.util.Optional.orElseGet(Optional.java:364)
	at java.base/java.util.ArrayList.forEach(ArrayList.java:1596)
	at java.base/java.util.ArrayList.forEach(ArrayList.java:1596)

com.team9.SearchServletTest.testSearchServletReturnsJson -- Time elapsed: 0.001 s <<< ERROR!
java.lang.Error: 
Unresolved compilation problems: 
	The declared package "com.team9.servlets" does not match the expected package "com.team9"
	SearchServlet cannot be resolved to a type
	SearchServlet cannot be resolved to a type
	SearchServlet cannot be resolved to a type
	SearchServlet cannot be resolved to a type

	at com.team9.SearchServletTest.<init>(SearchServletTest.java:1)
	at java.base/java.lang.reflect.Constructor.newInstanceWithCaller(Constructor.java:502)
	at java.base/java.lang.reflect.Constructor.newInstance(Constructor.java:486)
	at java.base/java.util.Optional.orElseGet(Optional.java:364)
	at java.base/java.util.ArrayList.forEach(ArrayList.java:1596)
	at java.base/java.util.ArrayList.forEach(ArrayList.java:1596)

