-------------------------------------------------------------------------------
Test set: com.team9.LoginServletTest
-------------------------------------------------------------------------------
Tests run: 5, Failures: 0, Errors: 5, Skipped: 0, Time elapsed: 0.014 s <<< FAILURE! -- in com.team9.LoginServletTest
com.team9.LoginServletTest.loginFailsWhenUsernameMissing -- Time elapsed: 0.003 s <<< ERROR!
java.lang.Error: 
Unresolved compilation problem: 
	The declared package "com.team9.servlets" does not match the expected package "com.team9"

	at com.team9.LoginServletTest.<init>(LoginServletTest.java:1)
	at java.base/java.lang.reflect.Constructor.newInstanceWithCaller(Constructor.java:502)
	at java.base/java.lang.reflect.Constructor.newInstance(Constructor.java:486)

com.team9.LoginServletTest.loginFailsWhenPasswordEmpty -- Time elapsed: 0.001 s <<< ERROR!
java.lang.Error: 
Unresolved compilation problem: 
	The declared package "com.team9.servlets" does not match the expected package "com.team9"

	at com.team9.LoginServletTest.<init>(LoginServletTest.java:1)
	at java.base/java.lang.reflect.Constructor.newInstanceWithCaller(Constructor.java:502)
	at java.base/java.lang.reflect.Constructor.newInstance(Constructor.java:486)

com.team9.LoginServletTest.loginSucceedsWithValidCredentials -- Time elapsed: 0.001 s <<< ERROR!
java.lang.Error: 
Unresolved compilation problem: 
	The declared package "com.team9.servlets" does not match the expected package "com.team9"

	at com.team9.LoginServletTest.<init>(LoginServletTest.java:1)
	at java.base/java.lang.reflect.Constructor.newInstanceWithCaller(Constructor.java:502)
	at java.base/java.lang.reflect.Constructor.newInstance(Constructor.java:486)

com.team9.LoginServletTest.loginFailsWhenUsernameEmpty -- Time elapsed: 0.001 s <<< ERROR!
java.lang.Error: 
Unresolved compilation problem: 
	The declared package "com.team9.servlets" does not match the expected package "com.team9"

	at com.team9.LoginServletTest.<init>(LoginServletTest.java:1)
	at java.base/java.lang.reflect.Constructor.newInstanceWithCaller(Constructor.java:502)
	at java.base/java.lang.reflect.Constructor.newInstance(Constructor.java:486)

com.team9.LoginServletTest.loginFailsWithWrongPassword -- Time elapsed: 0.001 s <<< ERROR!
java.lang.Error: 
Unresolved compilation problem: 
	The declared package "com.team9.servlets" does not match the expected package "com.team9"

	at com.team9.LoginServletTest.<init>(LoginServletTest.java:1)
	at java.base/java.lang.reflect.Constructor.newInstanceWithCaller(Constructor.java:502)
	at java.base/java.lang.reflect.Constructor.newInstance(Constructor.java:486)

